# JRE version: Java(TM) SE Runtime Environment (23.0.1+11) (build 23.0.1+11-39)
# Java VM: Java HotSpot(TM) 64-Bit Server VM (23.0.1+11-39, mixed mode, sharing, tiered, compressed oops, compressed class ptrs, g1 gc, windows-amd64)
GC Precious Log:
 CardTable entry size: 512
 Card Set container configuration: InlinePtr #cards 4 size 8 Array Of Cards #cards 16 size 48 Howl #buckets 8 coarsen threshold 3686 Howl Bitmap #cards 512 size 80 coarsen threshold 460 Card regions per heap region 1 cards per card region 4096
 CPUs: 8 total, 8 available
 Memory: 10153M
 Large Page Support: Disabled
 NUMA Support: Disabled
 Compressed Oops: Enabled (Zero based)
 Heap Region Size: 2M
 Heap Min Capacity: 8M
 Heap Initial Capacity: 160M
 Heap Max Capacity: 2540M
 Pre-touch: Disabled
 Parallel Workers: 8
 Concurrent Workers: 2
 Concurrent Refinement Workers: 8
 Periodic GC: Disabled
Heap:
 garbage-first heap   total reserved 2600960K, committed 73728K, used 34553K [0x0000000761400000, 0x0000000800000000)
  region size 2048K, 2 young (4096K), 1 survivors (2048K)
 Metaspace       used 88281K, committed 89280K, reserved 1179648K
  class space    used 12373K, committed 12864K, reserved 1048576K
GC Heap History (20 events):
Event: 25598.422 GC heap before
{Heap before GC invocations=92 (full 0):
 garbage-first heap   total reserved 2600960K, committed 73728K, used 63101K [0x0000000761400000, 0x0000000800000000)
  region size 2048K, 15 young (30720K), 1 survivors (2048K)
 Metaspace       used 88213K, committed 89280K, reserved 1179648K
  class space    used 12372K, committed 12864K, reserved 1048576K
}
Event: 25598.427 GC heap after
{Heap after GC invocations=93 (full 0):
 garbage-first heap   total reserved 2600960K, committed 73728K, used 34564K [0x0000000761400000, 0x0000000800000000)
  region size 2048K, 1 young (2048K), 1 survivors (2048K)
 Metaspace       used 88213K, committed 89280K, reserved 1179648K
  class space    used 12372K, committed 12864K, reserved 1048576K
}
Event: 26026.742 GC heap before
{Heap before GC invocations=93 (full 0):
 garbage-first heap   total reserved 2600960K, committed 73728K, used 63236K [0x0000000761400000, 0x0000000800000000)
  region size 2048K, 15 young (30720K), 1 survivors (2048K)
 Metaspace       used 88233K, committed 89280K, reserved 1179648K
  class space    used 12373K, committed 12864K, reserved 1048576K
}
Event: 26026.751 GC heap after
{Heap after GC invocations=94 (full 0):
 garbage-first heap   total reserved 2600960K, committed 73728K, used 34537K [0x0000000761400000, 0x0000000800000000)
  region size 2048K, 1 young (2048K), 1 survivors (2048K)
 Metaspace       used 88233K, committed 89280K, reserved 1179648K
  class space    used 12373K, committed 12864K, reserved 1048576K
}
Event: 26456.090 GC heap before
{Heap before GC invocations=95 (full 0):
 garbage-first heap   total reserved 2600960K, committed 73728K, used 63209K [0x0000000761400000, 0x0000000800000000)
  region size 2048K, 15 young (30720K), 1 survivors (2048K)
 Metaspace       used 88238K, committed 89280K, reserved 1179648K
  class space    used 12373K, committed 12864K, reserved 1048576K
}
Event: 26456.096 GC heap after
{Heap after GC invocations=96 (full 0):
 garbage-first heap   total reserved 2600960K, committed 73728K, used 34565K [0x0000000761400000, 0x0000000800000000)
  region size 2048K, 1 young (2048K), 1 survivors (2048K)
 Metaspace       used 88238K, committed 89280K, reserved 1179648K
  class space    used 12373K, committed 12864K, reserved 1048576K
}
Event: 26889.075 GC heap before
{Heap before GC invocations=96 (full 0):
 garbage-first heap   total reserved 2600960K, committed 73728K, used 63237K [0x0000000761400000, 0x0000000800000000)
  region size 2048K, 15 young (30720K), 1 survivors (2048K)
 Metaspace       used 88240K, committed 89280K, reserved 1179648K
  class space    used 12373K, committed 12864K, reserved 1048576K
}
Event: 26889.077 GC heap after
{Heap after GC invocations=97 (full 0):
 garbage-first heap   total reserved 2600960K, committed 73728K, used 34510K [0x0000000761400000, 0x0000000800000000)
  region size 2048K, 1 young (2048K), 1 survivors (2048K)
 Metaspace       used 88240K, committed 89280K, reserved 1179648K
  class space    used 12373K, committed 12864K, reserved 1048576K
}
Event: 27328.071 GC heap before
{Heap before GC invocations=98 (full 0):
 garbage-first heap   total reserved 2600960K, committed 73728K, used 63182K [0x0000000761400000, 0x0000000800000000)
  region size 2048K, 15 young (30720K), 1 survivors (2048K)
 Metaspace       used 88241K, committed 89280K, reserved 1179648K
  class space    used 12373K, committed 12864K, reserved 1048576K
}
Event: 27328.072 GC heap after
{Heap after GC invocations=99 (full 0):
 garbage-first heap   total reserved 2600960K, committed 73728K, used 34510K [0x0000000761400000, 0x0000000800000000)
  region size 2048K, 1 young (2048K), 1 survivors (2048K)
 Metaspace       used 88241K, committed 89280K, reserved 1179648K
  class space    used 12373K, committed 12864K, reserved 1048576K
}
Event: 27751.081 GC heap before
{Heap before GC invocations=99 (full 0):
 garbage-first heap   total reserved 2600960K, committed 73728K, used 63182K [0x0000000761400000, 0x0000000800000000)
  region size 2048K, 15 young (30720K), 1 survivors (2048K)
 Metaspace       used 88256K, committed 89280K, reserved 1179648K
  class space    used 12373K, committed 12864K, reserved 1048576K
}
Event: 27751.083 GC heap after
{Heap after GC invocations=100 (full 0):
 garbage-first heap   total reserved 2600960K, committed 73728K, used 34619K [0x0000000761400000, 0x0000000800000000)
  region size 2048K, 1 young (2048K), 1 survivors (2048K)
 Metaspace       used 88256K, committed 89280K, reserved 1179648K
  class space    used 12373K, committed 12864K, reserved 1048576K
}
Event: 28191.285 GC heap before
{Heap before GC invocations=101 (full 0):
 garbage-first heap   total reserved 2600960K, committed 73728K, used 63291K [0x0000000761400000, 0x0000000800000000)
  region size 2048K, 15 young (30720K), 1 survivors (2048K)
 Metaspace       used 88259K, committed 89280K, reserved 1179648K
  class space    used 12373K, committed 12864K, reserved 1048576K
}
Event: 28191.288 GC heap after
{Heap after GC invocations=102 (full 0):
 garbage-first heap   total reserved 2600960K, committed 73728K, used 34564K [0x0000000761400000, 0x0000000800000000)
  region size 2048K, 1 young (2048K), 1 survivors (2048K)
 Metaspace       used 88259K, committed 89280K, reserved 1179648K
  class space    used 12373K, committed 12864K, reserved 1048576K
}
Event: 28621.006 GC heap before
{Heap before GC invocations=102 (full 0):
 garbage-first heap   total reserved 2600960K, committed 73728K, used 63236K [0x0000000761400000, 0x0000000800000000)
  region size 2048K, 15 young (30720K), 1 survivors (2048K)
 Metaspace       used 88259K, committed 89280K, reserved 1179648K
  class space    used 12373K, committed 12864K, reserved 1048576K
}
Event: 28621.010 GC heap after
{Heap after GC invocations=103 (full 0):
 garbage-first heap   total reserved 2600960K, committed 73728K, used 34564K [0x0000000761400000, 0x0000000800000000)
  region size 2048K, 1 young (2048K), 1 survivors (2048K)
 Metaspace       used 88259K, committed 89280K, reserved 1179648K
  class space    used 12373K, committed 12864K, reserved 1048576K
}
Event: 29048.404 GC heap before
{Heap before GC invocations=104 (full 0):
 garbage-first heap   total reserved 2600960K, committed 73728K, used 63236K [0x0000000761400000, 0x0000000800000000)
  region size 2048K, 15 young (30720K), 1 survivors (2048K)
 Metaspace       used 88264K, committed 89280K, reserved 1179648K
  class space    used 12373K, committed 12864K, reserved 1048576K
}
Event: 29048.407 GC heap after
{Heap after GC invocations=105 (full 0):
 garbage-first heap   total reserved 2600960K, committed 73728K, used 34578K [0x0000000761400000, 0x0000000800000000)
  region size 2048K, 1 young (2048K), 1 survivors (2048K)
 Metaspace       used 88264K, committed 89280K, reserved 1179648K
  class space    used 12373K, committed 12864K, reserved 1048576K
}
Event: 29584.664 GC heap before
{Heap before GC invocations=105 (full 0):
 garbage-first heap   total reserved 2600960K, committed 73728K, used 63250K [0x0000000761400000, 0x0000000800000000)
  region size 2048K, 15 young (30720K), 1 survivors (2048K)
 Metaspace       used 88281K, committed 89280K, reserved 1179648K
  class space    used 12373K, committed 12864K, reserved 1048576K
}
Event: 29584.668 GC heap after
{Heap after GC invocations=106 (full 0):
 garbage-first heap   total reserved 2600960K, committed 73728K, used 34553K [0x0000000761400000, 0x0000000800000000)
  region size 2048K, 1 young (2048K), 1 survivors (2048K)
 Metaspace       used 88281K, committed 89280K, reserved 1179648K
  class space    used 12373K, committed 12864K, reserved 1048576K
}

